<?xml version="1.0" encoding="UTF-8"?>
<testsuites>
  <testsuite name="Test Suite" tests="216" assertions="725" errors="0" failures="0" skipped="0" time="265.951132">
    <testsuite name="Keboola\ObjectEncryptor\Tests\BaseWrapperTest" file="/code/tests/BaseWrapperTest.php" tests="2" assertions="2" errors="0" failures="0" skipped="0" time="0.008383">
      <testcase name="testPrefix" class="Keboola\ObjectEncryptor\Tests\BaseWrapperTest" classname="Keboola.ObjectEncryptor.Tests.BaseWrapperTest" file="/code/tests/BaseWrapperTest.php" line="10" assertions="1" time="0.002988"/>
      <testcase name="testEncryptor" class="Keboola\ObjectEncryptor\Tests\BaseWrapperTest" classname="Keboola.ObjectEncryptor.Tests.BaseWrapperTest" file="/code/tests/BaseWrapperTest.php" line="16" assertions="1" time="0.005395"/>
    </testsuite>
    <testsuite name="Keboola\ObjectEncryptor\Tests\ComponentWrapperTest" file="/code/tests/ComponentWrapperTest.php" tests="26" assertions="60" errors="0" failures="0" skipped="0" time="19.832074">
      <testsuite name="Keboola\ObjectEncryptor\Tests\ComponentWrapperTest::testEncrypt" tests="2" assertions="4" errors="0" failures="0" skipped="0" time="4.388404">
        <testcase name="testEncrypt with data set &quot;KMS&quot;" class="Keboola\ObjectEncryptor\Tests\ComponentWrapperTest" classname="Keboola.ObjectEncryptor.Tests.ComponentWrapperTest" file="/code/tests/ComponentWrapperTest.php" line="49" assertions="2" time="1.163766"/>
        <testcase name="testEncrypt with data set &quot;AKV&quot;" class="Keboola\ObjectEncryptor\Tests\ComponentWrapperTest" classname="Keboola.ObjectEncryptor.Tests.ComponentWrapperTest" file="/code/tests/ComponentWrapperTest.php" line="49" assertions="2" time="3.224638"/>
      </testsuite>
      <testsuite name="Keboola\ObjectEncryptor\Tests\ComponentWrapperTest::testEncryptDifferentStack" tests="2" assertions="8" errors="0" failures="0" skipped="0" time="8.191125">
        <testcase name="testEncryptDifferentStack with data set &quot;KMS&quot;" class="Keboola\ObjectEncryptor\Tests\ComponentWrapperTest" classname="Keboola.ObjectEncryptor.Tests.ComponentWrapperTest" file="/code/tests/ComponentWrapperTest.php" line="63" assertions="4" time="5.072284"/>
        <testcase name="testEncryptDifferentStack with data set &quot;AKV&quot;" class="Keboola\ObjectEncryptor\Tests\ComponentWrapperTest" classname="Keboola.ObjectEncryptor.Tests.ComponentWrapperTest" file="/code/tests/ComponentWrapperTest.php" line="63" assertions="4" time="3.118841"/>
      </testsuite>
      <testsuite name="Keboola\ObjectEncryptor\Tests\ComponentWrapperTest::testEncryptDifferentComponent" tests="2" assertions="8" errors="0" failures="0" skipped="0" time="7.230877">
        <testcase name="testEncryptDifferentComponent with data set &quot;KMS&quot;" class="Keboola\ObjectEncryptor\Tests\ComponentWrapperTest" classname="Keboola.ObjectEncryptor.Tests.ComponentWrapperTest" file="/code/tests/ComponentWrapperTest.php" line="83" assertions="4" time="4.887479"/>
        <testcase name="testEncryptDifferentComponent with data set &quot;AKV&quot;" class="Keboola\ObjectEncryptor\Tests\ComponentWrapperTest" classname="Keboola.ObjectEncryptor.Tests.ComponentWrapperTest" file="/code/tests/ComponentWrapperTest.php" line="83" assertions="4" time="2.343398"/>
      </testsuite>
      <testcase name="testInvalidSetupEncryptKMS" class="Keboola\ObjectEncryptor\Tests\ComponentWrapperTest" classname="Keboola.ObjectEncryptor.Tests.ComponentWrapperTest" file="/code/tests/ComponentWrapperTest.php" line="99" assertions="2" time="0.001063"/>
      <testcase name="testInvalidSetupEncryptAKV" class="Keboola\ObjectEncryptor\Tests\ComponentWrapperTest" classname="Keboola.ObjectEncryptor.Tests.ComponentWrapperTest" file="/code/tests/ComponentWrapperTest.php" line="107" assertions="2" time="0.001227"/>
      <testsuite name="Keboola\ObjectEncryptor\Tests\ComponentWrapperTest::testInvalidSetupEncryptStackAndComponent" tests="2" assertions="4" errors="0" failures="0" skipped="0" time="0.002115">
        <testcase name="testInvalidSetupEncryptStackAndComponent with data set &quot;KMS&quot;" class="Keboola\ObjectEncryptor\Tests\ComponentWrapperTest" classname="Keboola.ObjectEncryptor.Tests.ComponentWrapperTest" file="/code/tests/ComponentWrapperTest.php" line="119" assertions="2" time="0.000977"/>
        <testcase name="testInvalidSetupEncryptStackAndComponent with data set &quot;AKV&quot;" class="Keboola\ObjectEncryptor\Tests\ComponentWrapperTest" classname="Keboola.ObjectEncryptor.Tests.ComponentWrapperTest" file="/code/tests/ComponentWrapperTest.php" line="119" assertions="2" time="0.001138"/>
      </testsuite>
      <testsuite name="Keboola\ObjectEncryptor\Tests\ComponentWrapperTest::testInvalidSetupEncryptStack" tests="2" assertions="4" errors="0" failures="0" skipped="0" time="0.001962">
        <testcase name="testInvalidSetupEncryptStack with data set &quot;KMS&quot;" class="Keboola\ObjectEncryptor\Tests\ComponentWrapperTest" classname="Keboola.ObjectEncryptor.Tests.ComponentWrapperTest" file="/code/tests/ComponentWrapperTest.php" line="130" assertions="2" time="0.001011"/>
        <testcase name="testInvalidSetupEncryptStack with data set &quot;AKV&quot;" class="Keboola\ObjectEncryptor\Tests\ComponentWrapperTest" classname="Keboola.ObjectEncryptor.Tests.ComponentWrapperTest" file="/code/tests/ComponentWrapperTest.php" line="130" assertions="2" time="0.000951"/>
      </testsuite>
      <testsuite name="Keboola\ObjectEncryptor\Tests\ComponentWrapperTest::testInvalidSetupEncryptComponent" tests="2" assertions="4" errors="0" failures="0" skipped="0" time="0.002088">
        <testcase name="testInvalidSetupEncryptComponent with data set &quot;KMS&quot;" class="Keboola\ObjectEncryptor\Tests\ComponentWrapperTest" classname="Keboola.ObjectEncryptor.Tests.ComponentWrapperTest" file="/code/tests/ComponentWrapperTest.php" line="142" assertions="2" time="0.001026"/>
        <testcase name="testInvalidSetupEncryptComponent with data set &quot;AKV&quot;" class="Keboola\ObjectEncryptor\Tests\ComponentWrapperTest" classname="Keboola.ObjectEncryptor.Tests.ComponentWrapperTest" file="/code/tests/ComponentWrapperTest.php" line="142" assertions="2" time="0.001062"/>
      </testsuite>
      <testcase name="testInvalidSetupDecryptKMS" class="Keboola\ObjectEncryptor\Tests\ComponentWrapperTest" classname="Keboola.ObjectEncryptor.Tests.ComponentWrapperTest" file="/code/tests/ComponentWrapperTest.php" line="150" assertions="2" time="0.001059"/>
      <testcase name="testInvalidSetupDecryptAKV" class="Keboola\ObjectEncryptor\Tests\ComponentWrapperTest" classname="Keboola.ObjectEncryptor.Tests.ComponentWrapperTest" file="/code/tests/ComponentWrapperTest.php" line="158" assertions="2" time="0.000985"/>
      <testsuite name="Keboola\ObjectEncryptor\Tests\ComponentWrapperTest::testInvalidSetupDecryptStackAndComponent" tests="2" assertions="4" errors="0" failures="0" skipped="0" time="0.001918">
        <testcase name="testInvalidSetupDecryptStackAndComponent with data set &quot;KMS&quot;" class="Keboola\ObjectEncryptor\Tests\ComponentWrapperTest" classname="Keboola.ObjectEncryptor.Tests.ComponentWrapperTest" file="/code/tests/ComponentWrapperTest.php" line="170" assertions="2" time="0.000981"/>
        <testcase name="testInvalidSetupDecryptStackAndComponent with data set &quot;AKV&quot;" class="Keboola\ObjectEncryptor\Tests\ComponentWrapperTest" classname="Keboola.ObjectEncryptor.Tests.ComponentWrapperTest" file="/code/tests/ComponentWrapperTest.php" line="170" assertions="2" time="0.000937"/>
      </testsuite>
      <testsuite name="Keboola\ObjectEncryptor\Tests\ComponentWrapperTest::testInvalidSetupDecryptStack" tests="2" assertions="4" errors="0" failures="0" skipped="0" time="0.001863">
        <testcase name="testInvalidSetupDecryptStack with data set &quot;KMS&quot;" class="Keboola\ObjectEncryptor\Tests\ComponentWrapperTest" classname="Keboola.ObjectEncryptor.Tests.ComponentWrapperTest" file="/code/tests/ComponentWrapperTest.php" line="181" assertions="2" time="0.000964"/>
        <testcase name="testInvalidSetupDecryptStack with data set &quot;AKV&quot;" class="Keboola\ObjectEncryptor\Tests\ComponentWrapperTest" classname="Keboola.ObjectEncryptor.Tests.ComponentWrapperTest" file="/code/tests/ComponentWrapperTest.php" line="181" assertions="2" time="0.000899"/>
      </testsuite>
      <testsuite name="Keboola\ObjectEncryptor\Tests\ComponentWrapperTest::testInvalidSetupDecryptComponent" tests="2" assertions="4" errors="0" failures="0" skipped="0" time="0.001882">
        <testcase name="testInvalidSetupDecryptComponent with data set &quot;KMS&quot;" class="Keboola\ObjectEncryptor\Tests\ComponentWrapperTest" classname="Keboola.ObjectEncryptor.Tests.ComponentWrapperTest" file="/code/tests/ComponentWrapperTest.php" line="193" assertions="2" time="0.000959"/>
        <testcase name="testInvalidSetupDecryptComponent with data set &quot;AKV&quot;" class="Keboola\ObjectEncryptor\Tests\ComponentWrapperTest" classname="Keboola.ObjectEncryptor.Tests.ComponentWrapperTest" file="/code/tests/ComponentWrapperTest.php" line="193" assertions="2" time="0.000923"/>
      </testsuite>
      <testsuite name="Keboola\ObjectEncryptor\Tests\ComponentWrapperTest::testInvalidComponent" tests="2" assertions="4" errors="0" failures="0" skipped="0" time="0.003460">
        <testcase name="testInvalidComponent with data set &quot;KMS&quot;" class="Keboola\ObjectEncryptor\Tests\ComponentWrapperTest" classname="Keboola.ObjectEncryptor.Tests.ComponentWrapperTest" file="/code/tests/ComponentWrapperTest.php" line="205" assertions="2" time="0.001392"/>
        <testcase name="testInvalidComponent with data set &quot;AKV&quot;" class="Keboola\ObjectEncryptor\Tests\ComponentWrapperTest" classname="Keboola.ObjectEncryptor.Tests.ComponentWrapperTest" file="/code/tests/ComponentWrapperTest.php" line="205" assertions="2" time="0.002068"/>
      </testsuite>
      <testsuite name="Keboola\ObjectEncryptor\Tests\ComponentWrapperTest::testInvalidStack" tests="2" assertions="4" errors="0" failures="0" skipped="0" time="0.002046">
        <testcase name="testInvalidStack with data set &quot;KMS&quot;" class="Keboola\ObjectEncryptor\Tests\ComponentWrapperTest" classname="Keboola.ObjectEncryptor.Tests.ComponentWrapperTest" file="/code/tests/ComponentWrapperTest.php" line="218" assertions="2" time="0.001045"/>
        <testcase name="testInvalidStack with data set &quot;AKV&quot;" class="Keboola\ObjectEncryptor\Tests\ComponentWrapperTest" classname="Keboola.ObjectEncryptor.Tests.ComponentWrapperTest" file="/code/tests/ComponentWrapperTest.php" line="218" assertions="2" time="0.001001"/>
      </testsuite>
    </testsuite>
    <testsuite name="Keboola\ObjectEncryptor\Tests\ConfigurationWrapperTest" file="/code/tests/ConfigurationWrapperTest.php" tests="24" assertions="58" errors="0" failures="0" skipped="0" time="18.324484">
      <testsuite name="Keboola\ObjectEncryptor\Tests\ConfigurationWrapperTest::testEncrypt" tests="2" assertions="6" errors="0" failures="0" skipped="0" time="3.535962">
        <testcase name="testEncrypt with data set &quot;KMS&quot;" class="Keboola\ObjectEncryptor\Tests\ConfigurationWrapperTest" classname="Keboola.ObjectEncryptor.Tests.ConfigurationWrapperTest" file="/code/tests/ConfigurationWrapperTest.php" line="50" assertions="3" time="1.676344"/>
        <testcase name="testEncrypt with data set &quot;AKV&quot;" class="Keboola\ObjectEncryptor\Tests\ConfigurationWrapperTest" classname="Keboola.ObjectEncryptor.Tests.ConfigurationWrapperTest" file="/code/tests/ConfigurationWrapperTest.php" line="50" assertions="3" time="1.859618"/>
      </testsuite>
      <testsuite name="Keboola\ObjectEncryptor\Tests\ConfigurationWrapperTest::testEncryptDifferentConfiguration" tests="2" assertions="8" errors="0" failures="0" skipped="0" time="7.954558">
        <testcase name="testEncryptDifferentConfiguration with data set &quot;KMS&quot;" class="Keboola\ObjectEncryptor\Tests\ConfigurationWrapperTest" classname="Keboola.ObjectEncryptor.Tests.ConfigurationWrapperTest" file="/code/tests/ConfigurationWrapperTest.php" line="73" assertions="4" time="4.914272"/>
        <testcase name="testEncryptDifferentConfiguration with data set &quot;AKV&quot;" class="Keboola\ObjectEncryptor\Tests\ConfigurationWrapperTest" classname="Keboola.ObjectEncryptor.Tests.ConfigurationWrapperTest" file="/code/tests/ConfigurationWrapperTest.php" line="73" assertions="4" time="3.040286"/>
      </testsuite>
      <testsuite name="Keboola\ObjectEncryptor\Tests\ConfigurationWrapperTest::testEncryptDifferentProject" tests="2" assertions="8" errors="0" failures="0" skipped="0" time="6.809410">
        <testcase name="testEncryptDifferentProject with data set &quot;KMS&quot;" class="Keboola\ObjectEncryptor\Tests\ConfigurationWrapperTest" classname="Keboola.ObjectEncryptor.Tests.ConfigurationWrapperTest" file="/code/tests/ConfigurationWrapperTest.php" line="97" assertions="4" time="4.898549"/>
        <testcase name="testEncryptDifferentProject with data set &quot;AKV&quot;" class="Keboola\ObjectEncryptor\Tests\ConfigurationWrapperTest" classname="Keboola.ObjectEncryptor.Tests.ConfigurationWrapperTest" file="/code/tests/ConfigurationWrapperTest.php" line="97" assertions="4" time="1.910861"/>
      </testsuite>
      <testcase name="testInvalidSetupEncryptKMS" class="Keboola\ObjectEncryptor\Tests\ConfigurationWrapperTest" classname="Keboola.ObjectEncryptor.Tests.ConfigurationWrapperTest" file="/code/tests/ConfigurationWrapperTest.php" line="117" assertions="2" time="0.001436"/>
      <testcase name="testInvalidSetupEncryptAKV" class="Keboola\ObjectEncryptor\Tests\ConfigurationWrapperTest" classname="Keboola.ObjectEncryptor.Tests.ConfigurationWrapperTest" file="/code/tests/ConfigurationWrapperTest.php" line="125" assertions="2" time="0.001991"/>
      <testsuite name="Keboola\ObjectEncryptor\Tests\ConfigurationWrapperTest::testInvalidSetupEncryptStackAndComponent" tests="2" assertions="4" errors="0" failures="0" skipped="0" time="0.002731">
        <testcase name="testInvalidSetupEncryptStackAndComponent with data set &quot;KMS&quot;" class="Keboola\ObjectEncryptor\Tests\ConfigurationWrapperTest" classname="Keboola.ObjectEncryptor.Tests.ConfigurationWrapperTest" file="/code/tests/ConfigurationWrapperTest.php" line="137" assertions="2" time="0.001449"/>
        <testcase name="testInvalidSetupEncryptStackAndComponent with data set &quot;AKV&quot;" class="Keboola\ObjectEncryptor\Tests\ConfigurationWrapperTest" classname="Keboola.ObjectEncryptor.Tests.ConfigurationWrapperTest" file="/code/tests/ConfigurationWrapperTest.php" line="137" assertions="2" time="0.001282"/>
      </testsuite>
      <testsuite name="Keboola\ObjectEncryptor\Tests\ConfigurationWrapperTest::testInvalidSetupEncryptProjectId" tests="2" assertions="4" errors="0" failures="0" skipped="0" time="0.002777">
        <testcase name="testInvalidSetupEncryptProjectId with data set &quot;KMS&quot;" class="Keboola\ObjectEncryptor\Tests\ConfigurationWrapperTest" classname="Keboola.ObjectEncryptor.Tests.ConfigurationWrapperTest" file="/code/tests/ConfigurationWrapperTest.php" line="148" assertions="2" time="0.001318"/>
        <testcase name="testInvalidSetupEncryptProjectId with data set &quot;AKV&quot;" class="Keboola\ObjectEncryptor\Tests\ConfigurationWrapperTest" classname="Keboola.ObjectEncryptor.Tests.ConfigurationWrapperTest" file="/code/tests/ConfigurationWrapperTest.php" line="148" assertions="2" time="0.001459"/>
      </testsuite>
      <testsuite name="Keboola\ObjectEncryptor\Tests\ConfigurationWrapperTest::testInvalidSetupEncryptConfigurationId" tests="2" assertions="4" errors="0" failures="0" skipped="0" time="0.002749">
        <testcase name="testInvalidSetupEncryptConfigurationId with data set &quot;KMS&quot;" class="Keboola\ObjectEncryptor\Tests\ConfigurationWrapperTest" classname="Keboola.ObjectEncryptor.Tests.ConfigurationWrapperTest" file="/code/tests/ConfigurationWrapperTest.php" line="161" assertions="2" time="0.001487"/>
        <testcase name="testInvalidSetupEncryptConfigurationId with data set &quot;AKV&quot;" class="Keboola\ObjectEncryptor\Tests\ConfigurationWrapperTest" classname="Keboola.ObjectEncryptor.Tests.ConfigurationWrapperTest" file="/code/tests/ConfigurationWrapperTest.php" line="161" assertions="2" time="0.001262"/>
      </testsuite>
      <testcase name="testInvalidSetupDecryptKMS" class="Keboola\ObjectEncryptor\Tests\ConfigurationWrapperTest" classname="Keboola.ObjectEncryptor.Tests.ConfigurationWrapperTest" file="/code/tests/ConfigurationWrapperTest.php" line="171" assertions="2" time="0.001143"/>
      <testcase name="testInvalidSetupDecryptAKV" class="Keboola\ObjectEncryptor\Tests\ConfigurationWrapperTest" classname="Keboola.ObjectEncryptor.Tests.ConfigurationWrapperTest" file="/code/tests/ConfigurationWrapperTest.php" line="179" assertions="2" time="0.001176"/>
      <testsuite name="Keboola\ObjectEncryptor\Tests\ConfigurationWrapperTest::testInvalidSetupDecryptStackAndComponent" tests="2" assertions="4" errors="0" failures="0" skipped="0" time="0.002352">
        <testcase name="testInvalidSetupDecryptStackAndComponent with data set &quot;KMS&quot;" class="Keboola\ObjectEncryptor\Tests\ConfigurationWrapperTest" classname="Keboola.ObjectEncryptor.Tests.ConfigurationWrapperTest" file="/code/tests/ConfigurationWrapperTest.php" line="191" assertions="2" time="0.001204"/>
        <testcase name="testInvalidSetupDecryptStackAndComponent with data set &quot;AKV&quot;" class="Keboola\ObjectEncryptor\Tests\ConfigurationWrapperTest" classname="Keboola.ObjectEncryptor.Tests.ConfigurationWrapperTest" file="/code/tests/ConfigurationWrapperTest.php" line="191" assertions="2" time="0.001148"/>
      </testsuite>
      <testsuite name="Keboola\ObjectEncryptor\Tests\ConfigurationWrapperTest::testInvalidSetupDecryptProjectId" tests="2" assertions="4" errors="0" failures="0" skipped="0" time="0.002670">
        <testcase name="testInvalidSetupDecryptProjectId with data set &quot;KMS&quot;" class="Keboola\ObjectEncryptor\Tests\ConfigurationWrapperTest" classname="Keboola.ObjectEncryptor.Tests.ConfigurationWrapperTest" file="/code/tests/ConfigurationWrapperTest.php" line="202" assertions="2" time="0.001383"/>
        <testcase name="testInvalidSetupDecryptProjectId with data set &quot;AKV&quot;" class="Keboola\ObjectEncryptor\Tests\ConfigurationWrapperTest" classname="Keboola.ObjectEncryptor.Tests.ConfigurationWrapperTest" file="/code/tests/ConfigurationWrapperTest.php" line="202" assertions="2" time="0.001287"/>
      </testsuite>
      <testsuite name="Keboola\ObjectEncryptor\Tests\ConfigurationWrapperTest::testInvalidSetupDecryptConfigurationId" tests="2" assertions="4" errors="0" failures="0" skipped="0" time="0.002633">
        <testcase name="testInvalidSetupDecryptConfigurationId with data set &quot;KMS&quot;" class="Keboola\ObjectEncryptor\Tests\ConfigurationWrapperTest" classname="Keboola.ObjectEncryptor.Tests.ConfigurationWrapperTest" file="/code/tests/ConfigurationWrapperTest.php" line="215" assertions="2" time="0.001348"/>
        <testcase name="testInvalidSetupDecryptConfigurationId with data set &quot;AKV&quot;" class="Keboola\ObjectEncryptor\Tests\ConfigurationWrapperTest" classname="Keboola.ObjectEncryptor.Tests.ConfigurationWrapperTest" file="/code/tests/ConfigurationWrapperTest.php" line="215" assertions="2" time="0.001285"/>
      </testsuite>
      <testsuite name="Keboola\ObjectEncryptor\Tests\ConfigurationWrapperTest::testInvalidConfiguration" tests="2" assertions="4" errors="0" failures="0" skipped="0" time="0.002896">
        <testcase name="testInvalidConfiguration with data set &quot;KMS&quot;" class="Keboola\ObjectEncryptor\Tests\ConfigurationWrapperTest" classname="Keboola.ObjectEncryptor.Tests.ConfigurationWrapperTest" file="/code/tests/ConfigurationWrapperTest.php" line="229" assertions="2" time="0.001325"/>
        <testcase name="testInvalidConfiguration with data set &quot;AKV&quot;" class="Keboola\ObjectEncryptor\Tests\ConfigurationWrapperTest" classname="Keboola.ObjectEncryptor.Tests.ConfigurationWrapperTest" file="/code/tests/ConfigurationWrapperTest.php" line="229" assertions="2" time="0.001571"/>
      </testsuite>
    </testsuite>
    <testsuite name="Keboola\ObjectEncryptor\Tests\EncryptorTest" file="/code/tests/EncryptorTest.php" tests="1" assertions="1" errors="0" failures="0" skipped="0" time="0.006883">
      <testcase name="testEncryptor" class="Keboola\ObjectEncryptor\Tests\EncryptorTest" classname="Keboola.ObjectEncryptor.Tests.EncryptorTest" file="/code/tests/EncryptorTest.php" line="10" assertions="1" time="0.006883"/>
    </testsuite>
    <testsuite name="Keboola\ObjectEncryptor\Tests\GenericAKVWrapperTest" file="/code/tests/GenericAKVWrapperTest.php" tests="22" assertions="51" errors="0" failures="0" skipped="0" time="92.543257">
      <testcase name="testEncryptNonScalar" class="Keboola\ObjectEncryptor\Tests\GenericAKVWrapperTest" classname="Keboola.ObjectEncryptor.Tests.GenericAKVWrapperTest" file="/code/tests/GenericAKVWrapperTest.php" line="63" assertions="2" time="5.513100"/>
      <testcase name="testEncryptNoMetadata" class="Keboola\ObjectEncryptor\Tests\GenericAKVWrapperTest" classname="Keboola.ObjectEncryptor.Tests.GenericAKVWrapperTest" file="/code/tests/GenericAKVWrapperTest.php" line="72" assertions="4" time="6.992734"/>
      <testcase name="testEncryptMetadata" class="Keboola\ObjectEncryptor\Tests\GenericAKVWrapperTest" classname="Keboola.ObjectEncryptor.Tests.GenericAKVWrapperTest" file="/code/tests/GenericAKVWrapperTest.php" line="85" assertions="3" time="7.235991"/>
      <testcase name="testEncryptMetadataMismatch" class="Keboola\ObjectEncryptor\Tests\GenericAKVWrapperTest" classname="Keboola.ObjectEncryptor.Tests.GenericAKVWrapperTest" file="/code/tests/GenericAKVWrapperTest.php" line="105" assertions="4" time="7.149997"/>
      <testsuite name="Keboola\ObjectEncryptor\Tests\GenericAKVWrapperTest::testEncryptEmptyValue" tests="4" assertions="8" errors="0" failures="0" skipped="0" time="17.240275">
        <testcase name="testEncryptEmptyValue with data set #0" class="Keboola\ObjectEncryptor\Tests\GenericAKVWrapperTest" classname="Keboola.ObjectEncryptor.Tests.GenericAKVWrapperTest" file="/code/tests/GenericAKVWrapperTest.php" line="130" assertions="2" time="4.186151"/>
        <testcase name="testEncryptEmptyValue with data set #1" class="Keboola\ObjectEncryptor\Tests\GenericAKVWrapperTest" classname="Keboola.ObjectEncryptor.Tests.GenericAKVWrapperTest" file="/code/tests/GenericAKVWrapperTest.php" line="130" assertions="2" time="5.173917"/>
        <testcase name="testEncryptEmptyValue with data set #2" class="Keboola\ObjectEncryptor\Tests\GenericAKVWrapperTest" classname="Keboola.ObjectEncryptor.Tests.GenericAKVWrapperTest" file="/code/tests/GenericAKVWrapperTest.php" line="130" assertions="2" time="3.747641"/>
        <testcase name="testEncryptEmptyValue with data set #3" class="Keboola\ObjectEncryptor\Tests\GenericAKVWrapperTest" classname="Keboola.ObjectEncryptor.Tests.GenericAKVWrapperTest" file="/code/tests/GenericAKVWrapperTest.php" line="130" assertions="2" time="4.132566"/>
      </testsuite>
      <testcase name="testRetryEncryptDecrypt" class="Keboola\ObjectEncryptor\Tests\GenericAKVWrapperTest" classname="Keboola.ObjectEncryptor.Tests.GenericAKVWrapperTest" file="/code/tests/GenericAKVWrapperTest.php" line="155" assertions="3" time="7.765576"/>
      <testcase name="testRetryEncryptFail" class="Keboola\ObjectEncryptor\Tests\GenericAKVWrapperTest" classname="Keboola.ObjectEncryptor.Tests.GenericAKVWrapperTest" file="/code/tests/GenericAKVWrapperTest.php" line="219" assertions="2" time="5.296382"/>
      <testcase name="testRetryDecryptFail" class="Keboola\ObjectEncryptor\Tests\GenericAKVWrapperTest" classname="Keboola.ObjectEncryptor.Tests.GenericAKVWrapperTest" file="/code/tests/GenericAKVWrapperTest.php" line="241" assertions="3" time="8.293227"/>
      <testcase name="testInvalidSecretContents" class="Keboola\ObjectEncryptor\Tests\GenericAKVWrapperTest" classname="Keboola.ObjectEncryptor.Tests.GenericAKVWrapperTest" file="/code/tests/GenericAKVWrapperTest.php" line="268" assertions="2" time="1.922302"/>
      <testcase name="testInvalidSecretCipher" class="Keboola\ObjectEncryptor\Tests\GenericAKVWrapperTest" classname="Keboola.ObjectEncryptor.Tests.GenericAKVWrapperTest" file="/code/tests/GenericAKVWrapperTest.php" line="306" assertions="2" time="1.123655"/>
      <testsuite name="Keboola\ObjectEncryptor\Tests\GenericAKVWrapperTest::testDecryptInvalidCiphers" tests="5" assertions="10" errors="0" failures="0" skipped="0" time="6.175480">
        <testcase name="testDecryptInvalidCiphers with data set #0" class="Keboola\ObjectEncryptor\Tests\GenericAKVWrapperTest" classname="Keboola.ObjectEncryptor.Tests.GenericAKVWrapperTest" file="/code/tests/GenericAKVWrapperTest.php" line="360" assertions="2" time="1.020780"/>
        <testcase name="testDecryptInvalidCiphers with data set #1" class="Keboola\ObjectEncryptor\Tests\GenericAKVWrapperTest" classname="Keboola.ObjectEncryptor.Tests.GenericAKVWrapperTest" file="/code/tests/GenericAKVWrapperTest.php" line="360" assertions="2" time="1.255311"/>
        <testcase name="testDecryptInvalidCiphers with data set #2" class="Keboola\ObjectEncryptor\Tests\GenericAKVWrapperTest" classname="Keboola.ObjectEncryptor.Tests.GenericAKVWrapperTest" file="/code/tests/GenericAKVWrapperTest.php" line="360" assertions="2" time="1.517397"/>
        <testcase name="testDecryptInvalidCiphers with data set #3" class="Keboola\ObjectEncryptor\Tests\GenericAKVWrapperTest" classname="Keboola.ObjectEncryptor.Tests.GenericAKVWrapperTest" file="/code/tests/GenericAKVWrapperTest.php" line="360" assertions="2" time="0.983715"/>
        <testcase name="testDecryptInvalidCiphers with data set #4" class="Keboola\ObjectEncryptor\Tests\GenericAKVWrapperTest" classname="Keboola.ObjectEncryptor.Tests.GenericAKVWrapperTest" file="/code/tests/GenericAKVWrapperTest.php" line="360" assertions="2" time="1.398277"/>
      </testsuite>
      <testcase name="testInvalidSetupMissingUrl" class="Keboola\ObjectEncryptor\Tests\GenericAKVWrapperTest" classname="Keboola.ObjectEncryptor.Tests.GenericAKVWrapperTest" file="/code/tests/GenericAKVWrapperTest.php" line="368" assertions="2" time="1.864951"/>
      <testcase name="testInvalidSetupInvalidUrl" class="Keboola\ObjectEncryptor\Tests\GenericAKVWrapperTest" classname="Keboola.ObjectEncryptor.Tests.GenericAKVWrapperTest" file="/code/tests/GenericAKVWrapperTest.php" line="376" assertions="2" time="4.974951"/>
      <testcase name="testInvalidSetupInvalidUrlDecrypt" class="Keboola\ObjectEncryptor\Tests\GenericAKVWrapperTest" classname="Keboola.ObjectEncryptor.Tests.GenericAKVWrapperTest" file="/code/tests/GenericAKVWrapperTest.php" line="385" assertions="2" time="5.874394"/>
      <testcase name="testInvalidSetupInvalidCredentials" class="Keboola\ObjectEncryptor\Tests\GenericAKVWrapperTest" classname="Keboola.ObjectEncryptor.Tests.GenericAKVWrapperTest" file="/code/tests/GenericAKVWrapperTest.php" line="394" assertions="2" time="5.120242"/>
    </testsuite>
    <testsuite name="Keboola\ObjectEncryptor\Tests\GenericKMSWrapperTest" file="/code/tests/GenericKMSWrapperTest.php" tests="31" assertions="78" errors="0" failures="0" skipped="0" time="58.581460">
      <testcase name="testEncrypt" class="Keboola\ObjectEncryptor\Tests\GenericKMSWrapperTest" classname="Keboola.ObjectEncryptor.Tests.GenericKMSWrapperTest" file="/code/tests/GenericKMSWrapperTest.php" line="36" assertions="3" time="1.588200"/>
      <testcase name="testEncryptWrongKey" class="Keboola\ObjectEncryptor\Tests\GenericKMSWrapperTest" classname="Keboola.ObjectEncryptor.Tests.GenericKMSWrapperTest" file="/code/tests/GenericKMSWrapperTest.php" line="48" assertions="3" time="1.548349"/>
      <testsuite name="Keboola\ObjectEncryptor\Tests\GenericKMSWrapperTest::testEncryptEmptyValue" tests="4" assertions="8" errors="0" failures="0" skipped="0" time="4.065882">
        <testcase name="testEncryptEmptyValue with data set #0" class="Keboola\ObjectEncryptor\Tests\GenericKMSWrapperTest" classname="Keboola.ObjectEncryptor.Tests.GenericKMSWrapperTest" file="/code/tests/GenericKMSWrapperTest.php" line="69" assertions="2" time="1.002716"/>
        <testcase name="testEncryptEmptyValue with data set #1" class="Keboola\ObjectEncryptor\Tests\GenericKMSWrapperTest" classname="Keboola.ObjectEncryptor.Tests.GenericKMSWrapperTest" file="/code/tests/GenericKMSWrapperTest.php" line="69" assertions="2" time="1.049579"/>
        <testcase name="testEncryptEmptyValue with data set #2" class="Keboola\ObjectEncryptor\Tests\GenericKMSWrapperTest" classname="Keboola.ObjectEncryptor.Tests.GenericKMSWrapperTest" file="/code/tests/GenericKMSWrapperTest.php" line="69" assertions="2" time="1.017638"/>
        <testcase name="testEncryptEmptyValue with data set #3" class="Keboola\ObjectEncryptor\Tests\GenericKMSWrapperTest" classname="Keboola.ObjectEncryptor.Tests.GenericKMSWrapperTest" file="/code/tests/GenericKMSWrapperTest.php" line="69" assertions="2" time="0.995949"/>
      </testsuite>
      <testcase name="testRetryEncrypt" class="Keboola\ObjectEncryptor\Tests\GenericKMSWrapperTest" classname="Keboola.ObjectEncryptor.Tests.GenericKMSWrapperTest" file="/code/tests/GenericKMSWrapperTest.php" line="77" assertions="2" time="3.662391"/>
      <testcase name="testRetryEncryptFail" class="Keboola\ObjectEncryptor\Tests\GenericKMSWrapperTest" classname="Keboola.ObjectEncryptor.Tests.GenericKMSWrapperTest" file="/code/tests/GenericKMSWrapperTest.php" line="112" assertions="2" time="3.019525"/>
      <testcase name="testRetryDecrypt" class="Keboola\ObjectEncryptor\Tests\GenericKMSWrapperTest" classname="Keboola.ObjectEncryptor.Tests.GenericKMSWrapperTest" file="/code/tests/GenericKMSWrapperTest.php" line="140" assertions="2" time="4.064643"/>
      <testcase name="testRetryDecryptFail" class="Keboola\ObjectEncryptor\Tests\GenericKMSWrapperTest" classname="Keboola.ObjectEncryptor.Tests.GenericKMSWrapperTest" file="/code/tests/GenericKMSWrapperTest.php" line="177" assertions="3" time="3.516654"/>
      <testcase name="testEncryptNonScalar" class="Keboola\ObjectEncryptor\Tests\GenericKMSWrapperTest" classname="Keboola.ObjectEncryptor.Tests.GenericKMSWrapperTest" file="/code/tests/GenericKMSWrapperTest.php" line="210" assertions="2" time="0.001753"/>
      <testcase name="testEncryptMetadata" class="Keboola\ObjectEncryptor\Tests\GenericKMSWrapperTest" classname="Keboola.ObjectEncryptor.Tests.GenericKMSWrapperTest" file="/code/tests/GenericKMSWrapperTest.php" line="220" assertions="3" time="2.117107"/>
      <testcase name="testEncryptMetadataCacheHit" class="Keboola\ObjectEncryptor\Tests\GenericKMSWrapperTest" classname="Keboola.ObjectEncryptor.Tests.GenericKMSWrapperTest" file="/code/tests/GenericKMSWrapperTest.php" line="235" assertions="6" time="4.106015"/>
      <testcase name="testEncryptMetadataCacheMiss" class="Keboola\ObjectEncryptor\Tests\GenericKMSWrapperTest" classname="Keboola.ObjectEncryptor.Tests.GenericKMSWrapperTest" file="/code/tests/GenericKMSWrapperTest.php" line="256" assertions="6" time="4.350519"/>
      <testcase name="testEncryptMetadataMismatchNoMetadata" class="Keboola\ObjectEncryptor\Tests\GenericKMSWrapperTest" classname="Keboola.ObjectEncryptor.Tests.GenericKMSWrapperTest" file="/code/tests/GenericKMSWrapperTest.php" line="279" assertions="4" time="4.868951"/>
      <testcase name="testEncryptMetadataMismatchBadMetadata" class="Keboola\ObjectEncryptor\Tests\GenericKMSWrapperTest" classname="Keboola.ObjectEncryptor.Tests.GenericKMSWrapperTest" file="/code/tests/GenericKMSWrapperTest.php" line="294" assertions="4" time="4.820030"/>
      <testcase name="testInvalidSetupEncryptMissingAll" class="Keboola\ObjectEncryptor\Tests\GenericKMSWrapperTest" classname="Keboola.ObjectEncryptor.Tests.GenericKMSWrapperTest" file="/code/tests/GenericKMSWrapperTest.php" line="310" assertions="2" time="0.001805"/>
      <testcase name="testInvalidSetupEncryptMissingKeyId" class="Keboola\ObjectEncryptor\Tests\GenericKMSWrapperTest" classname="Keboola.ObjectEncryptor.Tests.GenericKMSWrapperTest" file="/code/tests/GenericKMSWrapperTest.php" line="318" assertions="2" time="0.001282"/>
      <testcase name="testInvalidSetupEncryptMissingRegion" class="Keboola\ObjectEncryptor\Tests\GenericKMSWrapperTest" classname="Keboola.ObjectEncryptor.Tests.GenericKMSWrapperTest" file="/code/tests/GenericKMSWrapperTest.php" line="327" assertions="2" time="0.001151"/>
      <testcase name="testInvalidSetupDecryptMissingAll" class="Keboola\ObjectEncryptor\Tests\GenericKMSWrapperTest" classname="Keboola.ObjectEncryptor.Tests.GenericKMSWrapperTest" file="/code/tests/GenericKMSWrapperTest.php" line="336" assertions="2" time="0.001001"/>
      <testcase name="testInvalidSetupDecryptMissingKeyId" class="Keboola\ObjectEncryptor\Tests\GenericKMSWrapperTest" classname="Keboola.ObjectEncryptor.Tests.GenericKMSWrapperTest" file="/code/tests/GenericKMSWrapperTest.php" line="344" assertions="2" time="0.001085"/>
      <testcase name="testInvalidSetupDecryptMissingRegion" class="Keboola\ObjectEncryptor\Tests\GenericKMSWrapperTest" classname="Keboola.ObjectEncryptor.Tests.GenericKMSWrapperTest" file="/code/tests/GenericKMSWrapperTest.php" line="353" assertions="2" time="0.002009"/>
      <testcase name="testInvalidKeyId" class="Keboola\ObjectEncryptor\Tests\GenericKMSWrapperTest" classname="Keboola.ObjectEncryptor.Tests.GenericKMSWrapperTest" file="/code/tests/GenericKMSWrapperTest.php" line="362" assertions="2" time="0.001200"/>
      <testcase name="testInvalidRegion" class="Keboola\ObjectEncryptor\Tests\GenericKMSWrapperTest" classname="Keboola.ObjectEncryptor.Tests.GenericKMSWrapperTest" file="/code/tests/GenericKMSWrapperTest.php" line="372" assertions="2" time="0.001144"/>
      <testcase name="testInvalidCredentials" class="Keboola\ObjectEncryptor\Tests\GenericKMSWrapperTest" classname="Keboola.ObjectEncryptor.Tests.GenericKMSWrapperTest" file="/code/tests/GenericKMSWrapperTest.php" line="383" assertions="2" time="3.744928"/>
      <testcase name="testInvalidNonExistentRegion" class="Keboola\ObjectEncryptor\Tests\GenericKMSWrapperTest" classname="Keboola.ObjectEncryptor.Tests.GenericKMSWrapperTest" file="/code/tests/GenericKMSWrapperTest.php" line="395" assertions="2" time="9.292181"/>
      <testsuite name="Keboola\ObjectEncryptor\Tests\GenericKMSWrapperTest::testDecryptInvalidCiphers" tests="5" assertions="10" errors="0" failures="0" skipped="0" time="3.803655">
        <testcase name="testDecryptInvalidCiphers with data set #0" class="Keboola\ObjectEncryptor\Tests\GenericKMSWrapperTest" classname="Keboola.ObjectEncryptor.Tests.GenericKMSWrapperTest" file="/code/tests/GenericKMSWrapperTest.php" line="412" assertions="2" time="0.002367"/>
        <testcase name="testDecryptInvalidCiphers with data set #1" class="Keboola\ObjectEncryptor\Tests\GenericKMSWrapperTest" classname="Keboola.ObjectEncryptor.Tests.GenericKMSWrapperTest" file="/code/tests/GenericKMSWrapperTest.php" line="412" assertions="2" time="0.001347"/>
        <testcase name="testDecryptInvalidCiphers with data set #2" class="Keboola\ObjectEncryptor\Tests\GenericKMSWrapperTest" classname="Keboola.ObjectEncryptor.Tests.GenericKMSWrapperTest" file="/code/tests/GenericKMSWrapperTest.php" line="412" assertions="2" time="0.001144"/>
        <testcase name="testDecryptInvalidCiphers with data set #3" class="Keboola\ObjectEncryptor\Tests\GenericKMSWrapperTest" classname="Keboola.ObjectEncryptor.Tests.GenericKMSWrapperTest" file="/code/tests/GenericKMSWrapperTest.php" line="412" assertions="2" time="0.001214"/>
        <testcase name="testDecryptInvalidCiphers with data set #4" class="Keboola\ObjectEncryptor\Tests\GenericKMSWrapperTest" classname="Keboola.ObjectEncryptor.Tests.GenericKMSWrapperTest" file="/code/tests/GenericKMSWrapperTest.php" line="412" assertions="2" time="3.797583"/>
      </testsuite>
    </testsuite>
    <testsuite name="Keboola\ObjectEncryptor\Tests\ObjectEncryptorFactoryTest" file="/code/tests/ObjectEncryptorFactoryTest.php" tests="35" assertions="83" errors="0" failures="0" skipped="0" time="44.445930">
      <testcase name="testFactoryLegacyComponentProject" class="Keboola\ObjectEncryptor\Tests\ObjectEncryptorFactoryTest" classname="Keboola.ObjectEncryptor.Tests.ObjectEncryptorFactoryTest" file="/code/tests/ObjectEncryptorFactoryTest.php" line="34" assertions="3" time="0.004612"/>
      <testcase name="testFactoryLegacyComponent" class="Keboola\ObjectEncryptor\Tests\ObjectEncryptorFactoryTest" classname="Keboola.ObjectEncryptor.Tests.ObjectEncryptorFactoryTest" file="/code/tests/ObjectEncryptorFactoryTest.php" line="56" assertions="3" time="0.003929"/>
      <testcase name="testFactoryLegacyBase" class="Keboola\ObjectEncryptor\Tests\ObjectEncryptorFactoryTest" classname="Keboola.ObjectEncryptor.Tests.ObjectEncryptorFactoryTest" file="/code/tests/ObjectEncryptorFactoryTest.php" line="77" assertions="3" time="0.003936"/>
      <testsuite name="Keboola\ObjectEncryptor\Tests\ObjectEncryptorFactoryTest::testConfigurationWrapper" tests="2" assertions="6" errors="0" failures="0" skipped="0" time="7.420628">
        <testcase name="testConfigurationWrapper with data set &quot;KMS&quot;" class="Keboola\ObjectEncryptor\Tests\ObjectEncryptorFactoryTest" classname="Keboola.ObjectEncryptor.Tests.ObjectEncryptorFactoryTest" file="/code/tests/ObjectEncryptorFactoryTest.php" line="123" assertions="3" time="2.168558"/>
        <testcase name="testConfigurationWrapper with data set &quot;AKV&quot;" class="Keboola\ObjectEncryptor\Tests\ObjectEncryptorFactoryTest" classname="Keboola.ObjectEncryptor.Tests.ObjectEncryptorFactoryTest" file="/code/tests/ObjectEncryptorFactoryTest.php" line="123" assertions="3" time="5.252070"/>
      </testsuite>
      <testsuite name="Keboola\ObjectEncryptor\Tests\ObjectEncryptorFactoryTest::testProjectWrapper" tests="2" assertions="6" errors="0" failures="0" skipped="0" time="7.255646">
        <testcase name="testProjectWrapper with data set &quot;KMS&quot;" class="Keboola\ObjectEncryptor\Tests\ObjectEncryptorFactoryTest" classname="Keboola.ObjectEncryptor.Tests.ObjectEncryptorFactoryTest" file="/code/tests/ObjectEncryptorFactoryTest.php" line="172" assertions="3" time="2.133908"/>
        <testcase name="testProjectWrapper with data set &quot;AKV&quot;" class="Keboola\ObjectEncryptor\Tests\ObjectEncryptorFactoryTest" classname="Keboola.ObjectEncryptor.Tests.ObjectEncryptorFactoryTest" file="/code/tests/ObjectEncryptorFactoryTest.php" line="172" assertions="3" time="5.121738"/>
      </testsuite>
      <testsuite name="Keboola\ObjectEncryptor\Tests\ObjectEncryptorFactoryTest::testComponentWrapper" tests="2" assertions="4" errors="0" failures="0" skipped="0" time="4.271304">
        <testcase name="testComponentWrapper with data set &quot;KMS&quot;" class="Keboola\ObjectEncryptor\Tests\ObjectEncryptorFactoryTest" classname="Keboola.ObjectEncryptor.Tests.ObjectEncryptorFactoryTest" file="/code/tests/ObjectEncryptorFactoryTest.php" line="219" assertions="2" time="1.090877"/>
        <testcase name="testComponentWrapper with data set &quot;AKV&quot;" class="Keboola\ObjectEncryptor\Tests\ObjectEncryptorFactoryTest" classname="Keboola.ObjectEncryptor.Tests.ObjectEncryptorFactoryTest" file="/code/tests/ObjectEncryptorFactoryTest.php" line="219" assertions="2" time="3.180427"/>
      </testsuite>
      <testsuite name="Keboola\ObjectEncryptor\Tests\ObjectEncryptorFactoryTest::testGenericWrapper" tests="2" assertions="4" errors="0" failures="0" skipped="0" time="4.030831">
        <testcase name="testGenericWrapper with data set &quot;KMS&quot;" class="Keboola\ObjectEncryptor\Tests\ObjectEncryptorFactoryTest" classname="Keboola.ObjectEncryptor.Tests.ObjectEncryptorFactoryTest" file="/code/tests/ObjectEncryptorFactoryTest.php" line="263" assertions="2" time="1.148649"/>
        <testcase name="testGenericWrapper with data set &quot;AKV&quot;" class="Keboola\ObjectEncryptor\Tests\ObjectEncryptorFactoryTest" classname="Keboola.ObjectEncryptor.Tests.ObjectEncryptorFactoryTest" file="/code/tests/ObjectEncryptorFactoryTest.php" line="263" assertions="2" time="2.882182"/>
      </testsuite>
      <testsuite name="Keboola\ObjectEncryptor\Tests\ObjectEncryptorFactoryTest::testGenericWrapperInvalidCredentials" tests="2" assertions="4" errors="0" failures="0" skipped="0" time="6.789219">
        <testcase name="testGenericWrapperInvalidCredentials with data set #0" class="Keboola\ObjectEncryptor\Tests\ObjectEncryptorFactoryTest" classname="Keboola.ObjectEncryptor.Tests.ObjectEncryptorFactoryTest" file="/code/tests/ObjectEncryptorFactoryTest.php" line="296" assertions="2" time="3.778485"/>
        <testcase name="testGenericWrapperInvalidCredentials with data set #1" class="Keboola\ObjectEncryptor\Tests\ObjectEncryptorFactoryTest" classname="Keboola.ObjectEncryptor.Tests.ObjectEncryptorFactoryTest" file="/code/tests/ObjectEncryptorFactoryTest.php" line="296" assertions="2" time="3.010734"/>
      </testsuite>
      <testsuite name="Keboola\ObjectEncryptor\Tests\ObjectEncryptorFactoryTest::testConfigurationWrapperInvalidEncrypt" tests="2" assertions="4" errors="0" failures="0" skipped="0" time="0.003488">
        <testcase name="testConfigurationWrapperInvalidEncrypt with data set #0" class="Keboola\ObjectEncryptor\Tests\ObjectEncryptorFactoryTest" classname="Keboola.ObjectEncryptor.Tests.ObjectEncryptorFactoryTest" file="/code/tests/ObjectEncryptorFactoryTest.php" line="327" assertions="2" time="0.001636"/>
        <testcase name="testConfigurationWrapperInvalidEncrypt with data set #1" class="Keboola\ObjectEncryptor\Tests\ObjectEncryptorFactoryTest" classname="Keboola.ObjectEncryptor.Tests.ObjectEncryptorFactoryTest" file="/code/tests/ObjectEncryptorFactoryTest.php" line="327" assertions="2" time="0.001852"/>
      </testsuite>
      <testsuite name="Keboola\ObjectEncryptor\Tests\ObjectEncryptorFactoryTest::testConfigurationWrapperInvalidDecrypt" tests="2" assertions="6" errors="0" failures="0" skipped="0" time="4.295532">
        <testcase name="testConfigurationWrapperInvalidDecrypt with data set &quot;KMS&quot;" class="Keboola\ObjectEncryptor\Tests\ObjectEncryptorFactoryTest" classname="Keboola.ObjectEncryptor.Tests.ObjectEncryptorFactoryTest" file="/code/tests/ObjectEncryptorFactoryTest.php" line="344" assertions="3" time="1.093067"/>
        <testcase name="testConfigurationWrapperInvalidDecrypt with data set &quot;AKV&quot;" class="Keboola\ObjectEncryptor\Tests\ObjectEncryptorFactoryTest" classname="Keboola.ObjectEncryptor.Tests.ObjectEncryptorFactoryTest" file="/code/tests/ObjectEncryptorFactoryTest.php" line="344" assertions="3" time="3.202465"/>
      </testsuite>
      <testsuite name="Keboola\ObjectEncryptor\Tests\ObjectEncryptorFactoryTest::testProjectWrapperInvalidEncrypt" tests="2" assertions="4" errors="0" failures="0" skipped="0" time="0.003578">
        <testcase name="testProjectWrapperInvalidEncrypt with data set #0" class="Keboola\ObjectEncryptor\Tests\ObjectEncryptorFactoryTest" classname="Keboola.ObjectEncryptor.Tests.ObjectEncryptorFactoryTest" file="/code/tests/ObjectEncryptorFactoryTest.php" line="380" assertions="2" time="0.001879"/>
        <testcase name="testProjectWrapperInvalidEncrypt with data set #1" class="Keboola\ObjectEncryptor\Tests\ObjectEncryptorFactoryTest" classname="Keboola.ObjectEncryptor.Tests.ObjectEncryptorFactoryTest" file="/code/tests/ObjectEncryptorFactoryTest.php" line="380" assertions="2" time="0.001699"/>
      </testsuite>
      <testsuite name="Keboola\ObjectEncryptor\Tests\ObjectEncryptorFactoryTest::testProjectWrapperInvalidDecrypt" tests="2" assertions="6" errors="0" failures="0" skipped="0" time="3.057365">
        <testcase name="testProjectWrapperInvalidDecrypt with data set &quot;KMS&quot;" class="Keboola\ObjectEncryptor\Tests\ObjectEncryptorFactoryTest" classname="Keboola.ObjectEncryptor.Tests.ObjectEncryptorFactoryTest" file="/code/tests/ObjectEncryptorFactoryTest.php" line="397" assertions="3" time="1.081276"/>
        <testcase name="testProjectWrapperInvalidDecrypt with data set &quot;AKV&quot;" class="Keboola\ObjectEncryptor\Tests\ObjectEncryptorFactoryTest" classname="Keboola.ObjectEncryptor.Tests.ObjectEncryptorFactoryTest" file="/code/tests/ObjectEncryptorFactoryTest.php" line="397" assertions="3" time="1.976089"/>
      </testsuite>
      <testsuite name="Keboola\ObjectEncryptor\Tests\ObjectEncryptorFactoryTest::testComponentWrapperInvalidEncrypt" tests="2" assertions="4" errors="0" failures="0" skipped="0" time="0.003531">
        <testcase name="testComponentWrapperInvalidEncrypt with data set #0" class="Keboola\ObjectEncryptor\Tests\ObjectEncryptorFactoryTest" classname="Keboola.ObjectEncryptor.Tests.ObjectEncryptorFactoryTest" file="/code/tests/ObjectEncryptorFactoryTest.php" line="432" assertions="2" time="0.001826"/>
        <testcase name="testComponentWrapperInvalidEncrypt with data set #1" class="Keboola\ObjectEncryptor\Tests\ObjectEncryptorFactoryTest" classname="Keboola.ObjectEncryptor.Tests.ObjectEncryptorFactoryTest" file="/code/tests/ObjectEncryptorFactoryTest.php" line="432" assertions="2" time="0.001705"/>
      </testsuite>
      <testsuite name="Keboola\ObjectEncryptor\Tests\ObjectEncryptorFactoryTest::testComponentWrapperInvalidDecrypt" tests="2" assertions="6" errors="0" failures="0" skipped="0" time="2.963888">
        <testcase name="testComponentWrapperInvalidDecrypt with data set &quot;KMS&quot;" class="Keboola\ObjectEncryptor\Tests\ObjectEncryptorFactoryTest" classname="Keboola.ObjectEncryptor.Tests.ObjectEncryptorFactoryTest" file="/code/tests/ObjectEncryptorFactoryTest.php" line="449" assertions="3" time="1.044291"/>
        <testcase name="testComponentWrapperInvalidDecrypt with data set &quot;AKV&quot;" class="Keboola\ObjectEncryptor\Tests\ObjectEncryptorFactoryTest" classname="Keboola.ObjectEncryptor.Tests.ObjectEncryptorFactoryTest" file="/code/tests/ObjectEncryptorFactoryTest.php" line="449" assertions="3" time="1.919597"/>
      </testsuite>
      <testcase name="testCipherError" class="Keboola\ObjectEncryptor\Tests\ObjectEncryptorFactoryTest" classname="Keboola.ObjectEncryptor.Tests.ObjectEncryptorFactoryTest" file="/code/tests/ObjectEncryptorFactoryTest.php" line="463" assertions="2" time="4.326897"/>
      <testcase name="testInvalidKeysLegacyEncryption" class="Keboola\ObjectEncryptor\Tests\ObjectEncryptorFactoryTest" classname="Keboola.ObjectEncryptor.Tests.ObjectEncryptorFactoryTest" file="/code/tests/ObjectEncryptorFactoryTest.php" line="484" assertions="2" time="0.001759"/>
      <testcase name="testInvalidKeysKmsId" class="Keboola\ObjectEncryptor\Tests\ObjectEncryptorFactoryTest" classname="Keboola.ObjectEncryptor.Tests.ObjectEncryptorFactoryTest" file="/code/tests/ObjectEncryptorFactoryTest.php" line="492" assertions="2" time="0.001304"/>
      <testcase name="testInvalidKeysVaultUrl" class="Keboola\ObjectEncryptor\Tests\ObjectEncryptorFactoryTest" classname="Keboola.ObjectEncryptor.Tests.ObjectEncryptorFactoryTest" file="/code/tests/ObjectEncryptorFactoryTest.php" line="501" assertions="2" time="0.001217"/>
      <testcase name="testInvalidKeysVersion1" class="Keboola\ObjectEncryptor\Tests\ObjectEncryptorFactoryTest" classname="Keboola.ObjectEncryptor.Tests.ObjectEncryptorFactoryTest" file="/code/tests/ObjectEncryptorFactoryTest.php" line="510" assertions="2" time="0.001597"/>
      <testcase name="testInvalidKeysVersion0" class="Keboola\ObjectEncryptor\Tests\ObjectEncryptorFactoryTest" classname="Keboola.ObjectEncryptor.Tests.ObjectEncryptorFactoryTest" file="/code/tests/ObjectEncryptorFactoryTest.php" line="519" assertions="2" time="0.001868"/>
      <testcase name="testInvalidParamsStackId" class="Keboola\ObjectEncryptor\Tests\ObjectEncryptorFactoryTest" classname="Keboola.ObjectEncryptor.Tests.ObjectEncryptorFactoryTest" file="/code/tests/ObjectEncryptorFactoryTest.php" line="529" assertions="2" time="0.000989"/>
      <testcase name="testInvalidParamsComponentId" class="Keboola\ObjectEncryptor\Tests\ObjectEncryptorFactoryTest" classname="Keboola.ObjectEncryptor.Tests.ObjectEncryptorFactoryTest" file="/code/tests/ObjectEncryptorFactoryTest.php" line="539" assertions="2" time="0.000936"/>
      <testcase name="testInvalidParamsProjectId" class="Keboola\ObjectEncryptor\Tests\ObjectEncryptorFactoryTest" classname="Keboola.ObjectEncryptor.Tests.ObjectEncryptorFactoryTest" file="/code/tests/ObjectEncryptorFactoryTest.php" line="549" assertions="2" time="0.000912"/>
      <testcase name="testInvalidParamsConfigurationId" class="Keboola\ObjectEncryptor\Tests\ObjectEncryptorFactoryTest" classname="Keboola.ObjectEncryptor.Tests.ObjectEncryptorFactoryTest" file="/code/tests/ObjectEncryptorFactoryTest.php" line="559" assertions="2" time="0.000964"/>
    </testsuite>
    <testsuite name="Keboola\ObjectEncryptor\Tests\ObjectEncryptorTest" file="/code/tests/ObjectEncryptorTest.php" tests="55" assertions="342" errors="0" failures="0" skipped="0" time="11.782025">
      <testcase name="testEncryptorEmpty" class="Keboola\ObjectEncryptor\Tests\ObjectEncryptorTest" classname="Keboola.ObjectEncryptor.Tests.ObjectEncryptorTest" file="/code/tests/ObjectEncryptorTest.php" line="49" assertions="2" time="0.001683"/>
      <testcase name="testEncryptorScalar" class="Keboola\ObjectEncryptor\Tests\ObjectEncryptorTest" classname="Keboola.ObjectEncryptor.Tests.ObjectEncryptorTest" file="/code/tests/ObjectEncryptorTest.php" line="58" assertions="2" time="0.004117"/>
      <testsuite name="Keboola\ObjectEncryptor\Tests\ObjectEncryptorTest::testEncryptorStack" tests="2" assertions="4" errors="0" failures="0" skipped="0" time="3.489094">
        <testcase name="testEncryptorStack with data set #0" class="Keboola\ObjectEncryptor\Tests\ObjectEncryptorTest" classname="Keboola.ObjectEncryptor.Tests.ObjectEncryptorTest" file="/code/tests/ObjectEncryptorTest.php" line="90" assertions="2" time="1.044519"/>
        <testcase name="testEncryptorStack with data set #1" class="Keboola\ObjectEncryptor\Tests\ObjectEncryptorTest" classname="Keboola.ObjectEncryptor.Tests.ObjectEncryptorTest" file="/code/tests/ObjectEncryptorTest.php" line="90" assertions="2" time="2.444575"/>
      </testsuite>
      <testcase name="testEncryptorStackNoCredentials" class="Keboola\ObjectEncryptor\Tests\ObjectEncryptorTest" classname="Keboola.ObjectEncryptor.Tests.ObjectEncryptorTest" file="/code/tests/ObjectEncryptorTest.php" line="99" assertions="2" time="8.083563"/>
      <testcase name="testEncryptorInvalidService" class="Keboola\ObjectEncryptor\Tests\ObjectEncryptorTest" classname="Keboola.ObjectEncryptor.Tests.ObjectEncryptorTest" file="/code/tests/ObjectEncryptorTest.php" line="110" assertions="2" time="0.004510"/>
      <testsuite name="Keboola\ObjectEncryptor\Tests\ObjectEncryptorTest::testEncryptorUnsupportedInput" tests="3" assertions="6" errors="0" failures="0" skipped="0" time="0.010665">
        <testcase name="testEncryptorUnsupportedInput with data set &quot;invalid class&quot;" class="Keboola\ObjectEncryptor\Tests\ObjectEncryptorTest" classname="Keboola.ObjectEncryptor.Tests.ObjectEncryptorTest" file="/code/tests/ObjectEncryptorTest.php" line="151" assertions="2" time="0.003647"/>
        <testcase name="testEncryptorUnsupportedInput with data set &quot;invalid class in value&quot;" class="Keboola\ObjectEncryptor\Tests\ObjectEncryptorTest" classname="Keboola.ObjectEncryptor.Tests.ObjectEncryptorTest" file="/code/tests/ObjectEncryptorTest.php" line="151" assertions="2" time="0.003568"/>
        <testcase name="testEncryptorUnsupportedInput with data set &quot;invalid class in encrypted value&quot;" class="Keboola\ObjectEncryptor\Tests\ObjectEncryptorTest" classname="Keboola.ObjectEncryptor.Tests.ObjectEncryptorTest" file="/code/tests/ObjectEncryptorTest.php" line="151" assertions="2" time="0.003450"/>
      </testsuite>
      <testsuite name="Keboola\ObjectEncryptor\Tests\ObjectEncryptorTest::testDecryptorUnsupportedInput" tests="3" assertions="6" errors="0" failures="0" skipped="0" time="0.009143">
        <testcase name="testDecryptorUnsupportedInput with data set &quot;invalid class&quot;" class="Keboola\ObjectEncryptor\Tests\ObjectEncryptorTest" classname="Keboola.ObjectEncryptor.Tests.ObjectEncryptorTest" file="/code/tests/ObjectEncryptorTest.php" line="192" assertions="2" time="0.003054"/>
        <testcase name="testDecryptorUnsupportedInput with data set &quot;invalid class in value&quot;" class="Keboola\ObjectEncryptor\Tests\ObjectEncryptorTest" classname="Keboola.ObjectEncryptor.Tests.ObjectEncryptorTest" file="/code/tests/ObjectEncryptorTest.php" line="192" assertions="2" time="0.002705"/>
        <testcase name="testDecryptorUnsupportedInput with data set &quot;invalid class in encrypted value&quot;" class="Keboola\ObjectEncryptor\Tests\ObjectEncryptorTest" classname="Keboola.ObjectEncryptor.Tests.ObjectEncryptorTest" file="/code/tests/ObjectEncryptorTest.php" line="192" assertions="2" time="0.003384"/>
      </testsuite>
      <testsuite name="Keboola\ObjectEncryptor\Tests\ObjectEncryptorTest::testDecryptorInvalidCipherText" tests="4" assertions="8" errors="0" failures="0" skipped="0" time="0.013456">
        <testcase name="testDecryptorInvalidCipherText with data set &quot;somewhat similar&quot;" class="Keboola\ObjectEncryptor\Tests\ObjectEncryptorTest" classname="Keboola.ObjectEncryptor.Tests.ObjectEncryptorTest" file="/code/tests/ObjectEncryptorTest.php" line="239" assertions="2" time="0.003725"/>
        <testcase name="testDecryptorInvalidCipherText with data set &quot;completely off&quot;" class="Keboola\ObjectEncryptor\Tests\ObjectEncryptorTest" classname="Keboola.ObjectEncryptor.Tests.ObjectEncryptorTest" file="/code/tests/ObjectEncryptorTest.php" line="239" assertions="2" time="0.003839"/>
        <testcase name="testDecryptorInvalidCipherText with data set &quot;somewhat similar in key&quot;" class="Keboola\ObjectEncryptor\Tests\ObjectEncryptorTest" classname="Keboola.ObjectEncryptor.Tests.ObjectEncryptorTest" file="/code/tests/ObjectEncryptorTest.php" line="239" assertions="2" time="0.003453"/>
        <testcase name="testDecryptorInvalidCipherText with data set &quot;completely off in key&quot;" class="Keboola\ObjectEncryptor\Tests\ObjectEncryptorTest" classname="Keboola.ObjectEncryptor.Tests.ObjectEncryptorTest" file="/code/tests/ObjectEncryptorTest.php" line="239" assertions="2" time="0.002439"/>
      </testsuite>
      <testcase name="testEncryptorAlreadyEncrypted" class="Keboola\ObjectEncryptor\Tests\ObjectEncryptorTest" classname="Keboola.ObjectEncryptor.Tests.ObjectEncryptorTest" file="/code/tests/ObjectEncryptorTest.php" line="247" assertions="2" time="0.003841"/>
      <testcase name="testEncryptorAlreadyEncryptedWrapper" class="Keboola\ObjectEncryptor\Tests\ObjectEncryptorTest" classname="Keboola.ObjectEncryptor.Tests.ObjectEncryptorTest" file="/code/tests/ObjectEncryptorTest.php" line="257" assertions="3" time="0.003067"/>
      <testcase name="testInvalidWrapper" class="Keboola\ObjectEncryptor\Tests\ObjectEncryptorTest" classname="Keboola.ObjectEncryptor.Tests.ObjectEncryptorTest" file="/code/tests/ObjectEncryptorTest.php" line="272" assertions="2" time="0.002917"/>
      <testcase name="testEncryptorSimpleArray" class="Keboola\ObjectEncryptor\Tests\ObjectEncryptorTest" classname="Keboola.ObjectEncryptor.Tests.ObjectEncryptorTest" file="/code/tests/ObjectEncryptorTest.php" line="282" assertions="8" time="0.005071"/>
      <testcase name="testEncryptorSimpleObject" class="Keboola\ObjectEncryptor\Tests\ObjectEncryptorTest" classname="Keboola.ObjectEncryptor.Tests.ObjectEncryptorTest" file="/code/tests/ObjectEncryptorTest.php" line="302" assertions="8" time="0.004427"/>
      <testcase name="testEncryptorSimpleArrayScalars" class="Keboola\ObjectEncryptor\Tests\ObjectEncryptorTest" classname="Keboola.ObjectEncryptor.Tests.ObjectEncryptorTest" file="/code/tests/ObjectEncryptorTest.php" line="322" assertions="17" time="0.010266"/>
      <testcase name="testEncryptorSimpleObjectScalars" class="Keboola\ObjectEncryptor\Tests\ObjectEncryptorTest" classname="Keboola.ObjectEncryptor.Tests.ObjectEncryptorTest" file="/code/tests/ObjectEncryptorTest.php" line="356" assertions="17" time="0.011571"/>
      <testcase name="testEncryptorSimpleArrayEncrypted" class="Keboola\ObjectEncryptor\Tests\ObjectEncryptorTest" classname="Keboola.ObjectEncryptor.Tests.ObjectEncryptorTest" file="/code/tests/ObjectEncryptorTest.php" line="390" assertions="8" time="0.004595"/>
      <testcase name="testEncryptorSimpleObjectEncrypted" class="Keboola\ObjectEncryptor\Tests\ObjectEncryptorTest" classname="Keboola.ObjectEncryptor.Tests.ObjectEncryptorTest" file="/code/tests/ObjectEncryptorTest.php" line="411" assertions="8" time="0.004231"/>
      <testcase name="testEncryptorNestedArray" class="Keboola\ObjectEncryptor\Tests\ObjectEncryptorTest" classname="Keboola.ObjectEncryptor.Tests.ObjectEncryptorTest" file="/code/tests/ObjectEncryptorTest.php" line="432" assertions="16" time="0.004484"/>
      <testcase name="testEncryptorNestedObject" class="Keboola\ObjectEncryptor\Tests\ObjectEncryptorTest" classname="Keboola.ObjectEncryptor.Tests.ObjectEncryptorTest" file="/code/tests/ObjectEncryptorTest.php" line="465" assertions="16" time="0.004733"/>
      <testcase name="testEncryptorNestedArrayWithArrayKeyHashmark" class="Keboola\ObjectEncryptor\Tests\ObjectEncryptorTest" classname="Keboola.ObjectEncryptor.Tests.ObjectEncryptorTest" file="/code/tests/ObjectEncryptorTest.php" line="498" assertions="23" time="0.013835"/>
      <testcase name="testEncryptorNestedObjectWithArrayKeyHashmark" class="Keboola\ObjectEncryptor\Tests\ObjectEncryptorTest" classname="Keboola.ObjectEncryptor.Tests.ObjectEncryptorTest" file="/code/tests/ObjectEncryptorTest.php" line="542" assertions="23" time="0.006999"/>
      <testcase name="testEncryptorNestedArrayEncrypted" class="Keboola\ObjectEncryptor\Tests\ObjectEncryptorTest" classname="Keboola.ObjectEncryptor.Tests.ObjectEncryptorTest" file="/code/tests/ObjectEncryptorTest.php" line="586" assertions="20" time="0.006929"/>
      <testcase name="testEncryptorNestedObjectEncrypted" class="Keboola\ObjectEncryptor\Tests\ObjectEncryptorTest" classname="Keboola.ObjectEncryptor.Tests.ObjectEncryptorTest" file="/code/tests/ObjectEncryptorTest.php" line="626" assertions="20" time="0.007448"/>
      <testcase name="testEncryptorNestedArrayWithArray" class="Keboola\ObjectEncryptor\Tests\ObjectEncryptorTest" classname="Keboola.ObjectEncryptor.Tests.ObjectEncryptorTest" file="/code/tests/ObjectEncryptorTest.php" line="666" assertions="18" time="0.005608"/>
      <testcase name="testEncryptorNestedObjectWithArray" class="Keboola\ObjectEncryptor\Tests\ObjectEncryptorTest" classname="Keboola.ObjectEncryptor.Tests.ObjectEncryptorTest" file="/code/tests/ObjectEncryptorTest.php" line="699" assertions="18" time="0.005852"/>
      <testcase name="testMixedCryptoWrappersDecryptArray" class="Keboola\ObjectEncryptor\Tests\ObjectEncryptorTest" classname="Keboola.ObjectEncryptor.Tests.ObjectEncryptorTest" file="/code/tests/ObjectEncryptorTest.php" line="738" assertions="7" time="0.005972"/>
      <testcase name="testMixedCryptoWrappersDecryptObject" class="Keboola\ObjectEncryptor\Tests\ObjectEncryptorTest" classname="Keboola.ObjectEncryptor.Tests.ObjectEncryptorTest" file="/code/tests/ObjectEncryptorTest.php" line="760" assertions="6" time="0.005992"/>
      <testcase name="testEncryptEmptyArray" class="Keboola\ObjectEncryptor\Tests\ObjectEncryptorTest" classname="Keboola.ObjectEncryptor.Tests.ObjectEncryptorTest" file="/code/tests/ObjectEncryptorTest.php" line="781" assertions="2" time="0.002209"/>
      <testcase name="testEncryptEmptyObject" class="Keboola\ObjectEncryptor\Tests\ObjectEncryptorTest" classname="Keboola.ObjectEncryptor.Tests.ObjectEncryptorTest" file="/code/tests/ObjectEncryptorTest.php" line="790" assertions="2" time="0.002098"/>
      <testcase name="testEncryptorNoWrappers" class="Keboola\ObjectEncryptor\Tests\ObjectEncryptorTest" classname="Keboola.ObjectEncryptor.Tests.ObjectEncryptorTest" file="/code/tests/ObjectEncryptorTest.php" line="799" assertions="2" time="0.001086"/>
      <testcase name="testEncryptorDecodedJSONObject" class="Keboola\ObjectEncryptor\Tests\ObjectEncryptorTest" classname="Keboola.ObjectEncryptor.Tests.ObjectEncryptorTest" file="/code/tests/ObjectEncryptorTest.php" line="807" assertions="43" time="0.008665"/>
      <testcase name="testEncryptorLegacyNoMCrypt" class="Keboola\ObjectEncryptor\Tests\ObjectEncryptorTest" classname="Keboola.ObjectEncryptor.Tests.ObjectEncryptorTest" file="/code/tests/ObjectEncryptorTest.php" line="876" assertions="1" time="0.003020"/>
      <testcase name="testEncryptorLegacyNoMCryptNoRequire" class="Keboola\ObjectEncryptor\Tests\ObjectEncryptorTest" classname="Keboola.ObjectEncryptor.Tests.ObjectEncryptorTest" file="/code/tests/ObjectEncryptorTest.php" line="889" assertions="1" time="0.001898"/>
      <testcase name="testEncryptorLegacy" class="Keboola\ObjectEncryptor\Tests\ObjectEncryptorTest" classname="Keboola.ObjectEncryptor.Tests.ObjectEncryptorTest" file="/code/tests/ObjectEncryptorTest.php" line="898" assertions="2" time="0.005911"/>
      <testcase name="testEncryptorLegacyFail" class="Keboola\ObjectEncryptor\Tests\ObjectEncryptorTest" classname="Keboola.ObjectEncryptor.Tests.ObjectEncryptorTest" file="/code/tests/ObjectEncryptorTest.php" line="912" assertions="2" time="0.002612"/>
      <testsuite name="Keboola\ObjectEncryptor\Tests\ObjectEncryptorTest::testGetRegisteredWrapperEncryptor" tests="9" assertions="9" errors="0" failures="0" skipped="0" time="0.016209">
        <testcase name="testGetRegisteredWrapperEncryptor with data set &quot;kms-akv-component&quot;" class="Keboola\ObjectEncryptor\Tests\ObjectEncryptorTest" classname="Keboola.ObjectEncryptor.Tests.ObjectEncryptorTest" file="/code/tests/ObjectEncryptorTest.php" line="929" assertions="1" time="0.002363"/>
        <testcase name="testGetRegisteredWrapperEncryptor with data set &quot;kms-akv-project&quot;" class="Keboola\ObjectEncryptor\Tests\ObjectEncryptorTest" classname="Keboola.ObjectEncryptor.Tests.ObjectEncryptorTest" file="/code/tests/ObjectEncryptorTest.php" line="929" assertions="1" time="0.001763"/>
        <testcase name="testGetRegisteredWrapperEncryptor with data set &quot;kms-akv-configuration&quot;" class="Keboola\ObjectEncryptor\Tests\ObjectEncryptorTest" classname="Keboola.ObjectEncryptor.Tests.ObjectEncryptorTest" file="/code/tests/ObjectEncryptorTest.php" line="929" assertions="1" time="0.002213"/>
        <testcase name="testGetRegisteredWrapperEncryptor with data set &quot;kms-component&quot;" class="Keboola\ObjectEncryptor\Tests\ObjectEncryptorTest" classname="Keboola.ObjectEncryptor.Tests.ObjectEncryptorTest" file="/code/tests/ObjectEncryptorTest.php" line="929" assertions="1" time="0.001974"/>
        <testcase name="testGetRegisteredWrapperEncryptor with data set &quot;kms-project&quot;" class="Keboola\ObjectEncryptor\Tests\ObjectEncryptorTest" classname="Keboola.ObjectEncryptor.Tests.ObjectEncryptorTest" file="/code/tests/ObjectEncryptorTest.php" line="929" assertions="1" time="0.001525"/>
        <testcase name="testGetRegisteredWrapperEncryptor with data set &quot;kms-configuration&quot;" class="Keboola\ObjectEncryptor\Tests\ObjectEncryptorTest" classname="Keboola.ObjectEncryptor.Tests.ObjectEncryptorTest" file="/code/tests/ObjectEncryptorTest.php" line="929" assertions="1" time="0.001563"/>
        <testcase name="testGetRegisteredWrapperEncryptor with data set &quot;akv-component&quot;" class="Keboola\ObjectEncryptor\Tests\ObjectEncryptorTest" classname="Keboola.ObjectEncryptor.Tests.ObjectEncryptorTest" file="/code/tests/ObjectEncryptorTest.php" line="929" assertions="1" time="0.001411"/>
        <testcase name="testGetRegisteredWrapperEncryptor with data set &quot;akv-project&quot;" class="Keboola\ObjectEncryptor\Tests\ObjectEncryptorTest" classname="Keboola.ObjectEncryptor.Tests.ObjectEncryptorTest" file="/code/tests/ObjectEncryptorTest.php" line="929" assertions="1" time="0.001574"/>
        <testcase name="testGetRegisteredWrapperEncryptor with data set &quot;akv-configuration&quot;" class="Keboola\ObjectEncryptor\Tests\ObjectEncryptorTest" classname="Keboola.ObjectEncryptor.Tests.ObjectEncryptorTest" file="/code/tests/ObjectEncryptorTest.php" line="929" assertions="1" time="0.001823"/>
      </testsuite>
      <testsuite name="Keboola\ObjectEncryptor\Tests\ObjectEncryptorTest::testGetRegisteredWrapperFailure" tests="3" assertions="6" errors="0" failures="0" skipped="0" time="0.004249">
        <testcase name="testGetRegisteredWrapperFailure with data set #0" class="Keboola\ObjectEncryptor\Tests\ObjectEncryptorTest" classname="Keboola.ObjectEncryptor.Tests.ObjectEncryptorTest" file="/code/tests/ObjectEncryptorTest.php" line="1007" assertions="2" time="0.001418"/>
        <testcase name="testGetRegisteredWrapperFailure with data set #1" class="Keboola\ObjectEncryptor\Tests\ObjectEncryptorTest" classname="Keboola.ObjectEncryptor.Tests.ObjectEncryptorTest" file="/code/tests/ObjectEncryptorTest.php" line="1007" assertions="2" time="0.001505"/>
        <testcase name="testGetRegisteredWrapperFailure with data set #2" class="Keboola\ObjectEncryptor\Tests\ObjectEncryptorTest" classname="Keboola.ObjectEncryptor.Tests.ObjectEncryptorTest" file="/code/tests/ObjectEncryptorTest.php" line="1007" assertions="2" time="0.001326"/>
      </testsuite>
    </testsuite>
    <testsuite name="Keboola\ObjectEncryptor\Tests\ProjectWrapperTest" file="/code/tests/ProjectWrapperTest.php" tests="20" assertions="50" errors="0" failures="0" skipped="0" time="20.426637">
      <testsuite name="Keboola\ObjectEncryptor\Tests\ProjectWrapperTest::testEncrypt" tests="2" assertions="6" errors="0" failures="0" skipped="0" time="3.905100">
        <testcase name="testEncrypt with data set &quot;KMS&quot;" class="Keboola\ObjectEncryptor\Tests\ProjectWrapperTest" classname="Keboola.ObjectEncryptor.Tests.ProjectWrapperTest" file="/code/tests/ProjectWrapperTest.php" line="50" assertions="3" time="1.593865"/>
        <testcase name="testEncrypt with data set &quot;AKV&quot;" class="Keboola\ObjectEncryptor\Tests\ProjectWrapperTest" classname="Keboola.ObjectEncryptor.Tests.ProjectWrapperTest" file="/code/tests/ProjectWrapperTest.php" line="50" assertions="3" time="2.311235"/>
      </testsuite>
      <testsuite name="Keboola\ObjectEncryptor\Tests\ProjectWrapperTest::testEncryptDifferentProject" tests="2" assertions="8" errors="0" failures="0" skipped="0" time="7.481038">
        <testcase name="testEncryptDifferentProject with data set &quot;KMS&quot;" class="Keboola\ObjectEncryptor\Tests\ProjectWrapperTest" classname="Keboola.ObjectEncryptor.Tests.ProjectWrapperTest" file="/code/tests/ProjectWrapperTest.php" line="70" assertions="4" time="4.981153"/>
        <testcase name="testEncryptDifferentProject with data set &quot;AKV&quot;" class="Keboola\ObjectEncryptor\Tests\ProjectWrapperTest" classname="Keboola.ObjectEncryptor.Tests.ProjectWrapperTest" file="/code/tests/ProjectWrapperTest.php" line="70" assertions="4" time="2.499885"/>
      </testsuite>
      <testsuite name="Keboola\ObjectEncryptor\Tests\ProjectWrapperTest::testEncryptDifferentComponent" tests="2" assertions="8" errors="0" failures="0" skipped="0" time="8.983150">
        <testcase name="testEncryptDifferentComponent with data set &quot;KMS&quot;" class="Keboola\ObjectEncryptor\Tests\ProjectWrapperTest" classname="Keboola.ObjectEncryptor.Tests.ProjectWrapperTest" file="/code/tests/ProjectWrapperTest.php" line="92" assertions="4" time="4.902013"/>
        <testcase name="testEncryptDifferentComponent with data set &quot;AKV&quot;" class="Keboola\ObjectEncryptor\Tests\ProjectWrapperTest" classname="Keboola.ObjectEncryptor.Tests.ProjectWrapperTest" file="/code/tests/ProjectWrapperTest.php" line="92" assertions="4" time="4.081137"/>
      </testsuite>
      <testcase name="testInvalidSetupEncryptKMS" class="Keboola\ObjectEncryptor\Tests\ProjectWrapperTest" classname="Keboola.ObjectEncryptor.Tests.ProjectWrapperTest" file="/code/tests/ProjectWrapperTest.php" line="110" assertions="2" time="0.010148"/>
      <testcase name="testInvalidSetupEncryptAKV" class="Keboola\ObjectEncryptor\Tests\ProjectWrapperTest" classname="Keboola.ObjectEncryptor.Tests.ProjectWrapperTest" file="/code/tests/ProjectWrapperTest.php" line="118" assertions="2" time="0.001411"/>
      <testsuite name="Keboola\ObjectEncryptor\Tests\ProjectWrapperTest::testInvalidSetupEncryptStackAndComponent" tests="2" assertions="4" errors="0" failures="0" skipped="0" time="0.012226">
        <testcase name="testInvalidSetupEncryptStackAndComponent with data set &quot;KMS&quot;" class="Keboola\ObjectEncryptor\Tests\ProjectWrapperTest" classname="Keboola.ObjectEncryptor.Tests.ProjectWrapperTest" file="/code/tests/ProjectWrapperTest.php" line="130" assertions="2" time="0.010659"/>
        <testcase name="testInvalidSetupEncryptStackAndComponent with data set &quot;AKV&quot;" class="Keboola\ObjectEncryptor\Tests\ProjectWrapperTest" classname="Keboola.ObjectEncryptor.Tests.ProjectWrapperTest" file="/code/tests/ProjectWrapperTest.php" line="130" assertions="2" time="0.001567"/>
      </testsuite>
      <testsuite name="Keboola\ObjectEncryptor\Tests\ProjectWrapperTest::testInvalidSetupEncryptProjectId" tests="2" assertions="4" errors="0" failures="0" skipped="0" time="0.003127">
        <testcase name="testInvalidSetupEncryptProjectId with data set &quot;KMS&quot;" class="Keboola\ObjectEncryptor\Tests\ProjectWrapperTest" classname="Keboola.ObjectEncryptor.Tests.ProjectWrapperTest" file="/code/tests/ProjectWrapperTest.php" line="141" assertions="2" time="0.001547"/>
        <testcase name="testInvalidSetupEncryptProjectId with data set &quot;AKV&quot;" class="Keboola\ObjectEncryptor\Tests\ProjectWrapperTest" classname="Keboola.ObjectEncryptor.Tests.ProjectWrapperTest" file="/code/tests/ProjectWrapperTest.php" line="141" assertions="2" time="0.001580"/>
      </testsuite>
      <testcase name="testInvalidSetupDecryptKMS" class="Keboola\ObjectEncryptor\Tests\ProjectWrapperTest" classname="Keboola.ObjectEncryptor.Tests.ProjectWrapperTest" file="/code/tests/ProjectWrapperTest.php" line="150" assertions="2" time="0.001529"/>
      <testcase name="testInvalidSetupDecryptAKV" class="Keboola\ObjectEncryptor\Tests\ProjectWrapperTest" classname="Keboola.ObjectEncryptor.Tests.ProjectWrapperTest" file="/code/tests/ProjectWrapperTest.php" line="158" assertions="2" time="0.010489"/>
      <testsuite name="Keboola\ObjectEncryptor\Tests\ProjectWrapperTest::testInvalidSetupDecryptStackAndComponent" tests="2" assertions="4" errors="0" failures="0" skipped="0" time="0.003219">
        <testcase name="testInvalidSetupDecryptStackAndComponent with data set &quot;KMS&quot;" class="Keboola\ObjectEncryptor\Tests\ProjectWrapperTest" classname="Keboola.ObjectEncryptor.Tests.ProjectWrapperTest" file="/code/tests/ProjectWrapperTest.php" line="170" assertions="2" time="0.001516"/>
        <testcase name="testInvalidSetupDecryptStackAndComponent with data set &quot;AKV&quot;" class="Keboola\ObjectEncryptor\Tests\ProjectWrapperTest" classname="Keboola.ObjectEncryptor.Tests.ProjectWrapperTest" file="/code/tests/ProjectWrapperTest.php" line="170" assertions="2" time="0.001703"/>
      </testsuite>
      <testsuite name="Keboola\ObjectEncryptor\Tests\ProjectWrapperTest::testInvalidSetupDecryptProjectId" tests="2" assertions="4" errors="0" failures="0" skipped="0" time="0.003057">
        <testcase name="testInvalidSetupDecryptProjectId with data set &quot;KMS&quot;" class="Keboola\ObjectEncryptor\Tests\ProjectWrapperTest" classname="Keboola.ObjectEncryptor.Tests.ProjectWrapperTest" file="/code/tests/ProjectWrapperTest.php" line="181" assertions="2" time="0.001607"/>
        <testcase name="testInvalidSetupDecryptProjectId with data set &quot;AKV&quot;" class="Keboola\ObjectEncryptor\Tests\ProjectWrapperTest" classname="Keboola.ObjectEncryptor.Tests.ProjectWrapperTest" file="/code/tests/ProjectWrapperTest.php" line="181" assertions="2" time="0.001450"/>
      </testsuite>
      <testsuite name="Keboola\ObjectEncryptor\Tests\ProjectWrapperTest::testInvalidProject" tests="2" assertions="4" errors="0" failures="0" skipped="0" time="0.012143">
        <testcase name="testInvalidProject with data set &quot;KMS&quot;" class="Keboola\ObjectEncryptor\Tests\ProjectWrapperTest" classname="Keboola.ObjectEncryptor.Tests.ProjectWrapperTest" file="/code/tests/ProjectWrapperTest.php" line="194" assertions="2" time="0.010706"/>
        <testcase name="testInvalidProject with data set &quot;AKV&quot;" class="Keboola\ObjectEncryptor\Tests\ProjectWrapperTest" classname="Keboola.ObjectEncryptor.Tests.ProjectWrapperTest" file="/code/tests/ProjectWrapperTest.php" line="194" assertions="2" time="0.001437"/>
      </testsuite>
    </testsuite>
  </testsuite>
</testsuites>
